<?xml version="1.0" encoding="utf-8"?>
<test-run id="2" testcasecount="86" result="Failed(Child)" total="86" passed="82" failed="4" inconclusive="0" skipped="0" asserts="0" engine-version="3.5.0.0" clr-version="4.0.30319.42000" start-time="2026-09-22 08:30:10Z" end-time="2026-09-22 08:30:11Z" duration="1.432162">
  <test-suite type="TestSuite" id="1000" name="ModularChess" fullname="ModularChess" runstate="Runnable" testcasecount="86" result="Failed" site="Child" start-time="2026-09-22 08:30:10Z" end-time="2026-09-22 08:30:11Z" duration="1.432162" total="86" passed="82" failed="4" inconclusive="0" skipped="0" asserts="0">
    <properties>
      <property name="platform" value="EditMode" />
    </properties>
    <failure>
      <message><![CDATA[One or more child tests had errors]]></message>
    </failure>
    <test-suite type="Assembly" id="1103" name="ModularChess.Core.Tests.dll" fullname="C:/Users/joshu/Desktop/GameDev/Unity/ModularChess/Library/ScriptAssemblies/ModularChess.Core.Tests.dll" runstate="Runnable" testcasecount="84" result="Failed" site="Child" start-time="2026-09-22 08:30:10Z" end-time="2026-09-22 08:30:11Z" duration="1.260097" total="84" passed="80" failed="4" inconclusive="0" skipped="0" asserts="0">
      <properties>
        <property name="_PID" value="25416" />
        <property name="_APPDOMAIN" value="Unity Child Domain" />
        <property name="platform" value="EditMode" />
        <property name="EditorOnly" value="True" />
      </properties>
      <failure>
        <message><![CDATA[One or more child tests had errors]]></message>
      </failure>
      <test-suite type="TestSuite" id="1104" name="ModularChess" fullname="ModularChess" runstate="Runnable" testcasecount="84" result="Failed" site="Child" start-time="2026-09-22 08:30:10Z" end-time="2026-09-22 08:30:11Z" duration="1.259578" total="84" passed="80" failed="4" inconclusive="0" skipped="0" asserts="0">
        <properties />
        <failure>
          <message><![CDATA[One or more child tests had errors]]></message>
        </failure>
        <test-suite type="TestSuite" id="1105" name="Core" fullname="ModularChess.Core" runstate="Runnable" testcasecount="84" result="Failed" site="Child" start-time="2026-09-22 08:30:10Z" end-time="2026-09-22 08:30:11Z" duration="1.259420" total="84" passed="80" failed="4" inconclusive="0" skipped="0" asserts="0">
          <properties />
          <failure>
            <message><![CDATA[One or more child tests had errors]]></message>
          </failure>
          <test-suite type="TestSuite" id="1106" name="Tests" fullname="ModularChess.Core.Tests" runstate="Runnable" testcasecount="84" result="Failed" site="Child" start-time="2026-09-22 08:30:10Z" end-time="2026-09-22 08:30:11Z" duration="1.259181" total="84" passed="80" failed="4" inconclusive="0" skipped="0" asserts="0">
            <properties />
            <failure>
              <message><![CDATA[One or more child tests had errors]]></message>
            </failure>
            <test-suite type="TestFixture" id="1001" name="BoonOfferTests" fullname="ModularChess.Core.Tests.BoonOfferTests" classname="ModularChess.Core.Tests.BoonOfferTests" runstate="Runnable" testcasecount="2" result="Passed" start-time="2026-09-22 08:30:10Z" end-time="2026-09-22 08:30:10Z" duration="0.040231" total="2" passed="2" failed="0" inconclusive="0" skipped="0" asserts="0">
              <properties />
              <test-case id="1002" name="Offer_WithOneBoon_ShowsOneCard" fullname="ModularChess.Core.Tests.BoonOfferTests.Offer_WithOneBoon_ShowsOneCard" methodname="Offer_WithOneBoon_ShowsOneCard" classname="ModularChess.Core.Tests.BoonOfferTests" runstate="Runnable" seed="533232462" result="Passed" start-time="2026-09-22 08:30:10Z" end-time="2026-09-22 08:30:10Z" duration="0.018287" asserts="0">
                <properties>
                  <property name="retryIteration" value="0" />
                  <property name="repeatIteration" value="0" />
                </properties>
              </test-case>
              <test-case id="1003" name="Reinforcements_SkipsBackRank" fullname="ModularChess.Core.Tests.BoonOfferTests.Reinforcements_SkipsBackRank" methodname="Reinforcements_SkipsBackRank" classname="ModularChess.Core.Tests.BoonOfferTests" runstate="Runnable" seed="615121596" result="Passed" start-time="2026-09-22 08:30:10Z" end-time="2026-09-22 08:30:10Z" duration="0.007131" asserts="0">
                <properties>
                  <property name="retryIteration" value="0" />
                  <property name="repeatIteration" value="0" />
                </properties>
              </test-case>
            </test-suite>
            <test-suite type="TestFixture" id="1004" name="CastlingTests" fullname="ModularChess.Core.Tests.CastlingTests" classname="ModularChess.Core.Tests.CastlingTests" runstate="Runnable" testcasecount="9" result="Failed" site="Child" start-time="2026-09-22 08:30:10Z" end-time="2026-09-22 08:30:10Z" duration="0.028674" total="9" passed="8" failed="1" inconclusive="0" skipped="0" asserts="0">
              <properties />
              <failure>
                <message><![CDATA[One or more child tests had errors]]></message>
              </failure>
              <test-case id="1013" name="BothSides_CanCastleFromOpenBackRanks" fullname="ModularChess.Core.Tests.CastlingTests.BothSides_CanCastleFromOpenBackRanks" methodname="BothSides_CanCastleFromOpenBackRanks" classname="ModularChess.Core.Tests.CastlingTests" runstate="Runnable" seed="1949311128" result="Failed" start-time="2026-09-22 08:30:10Z" end-time="2026-09-22 08:30:10Z" duration="0.022941" asserts="0">
                <properties>
                  <property name="retryIteration" value="0" />
                  <property name="repeatIteration" value="0" />
                </properties>
                <failure>
                  <message><![CDATA[  Expected: True
  But was:  False
]]></message>
                  <stack-trace><![CDATA[at ModularChess.Core.Tests.CastlingTests.BothSides_CanCastleFromOpenBackRanks () [0x0005a] in C:\Users\joshu\Desktop\GameDev\Unity\ModularChess\Assets\Tests\EditMode\Core\CastlingTests.cs:88
]]></stack-trace>
                </failure>
              </test-case>
              <test-case id="1008" name="Illegal_WhenKingInCheck" fullname="ModularChess.Core.Tests.CastlingTests.Illegal_WhenKingInCheck" methodname="Illegal_WhenKingInCheck" classname="ModularChess.Core.Tests.CastlingTests" runstate="Runnable" seed="1121482295" result="Passed" start-time="2026-09-22 08:30:10Z" end-time="2026-09-22 08:30:10Z" duration="0.000628" asserts="0">
                <properties>
                  <property name="retryIteration" value="0" />
                  <property name="repeatIteration" value="0" />
                </properties>
              </test-case>
              <test-case id="1010" name="Illegal_WhenKingLandsInCheck" fullname="ModularChess.Core.Tests.CastlingTests.Illegal_WhenKingLandsInCheck" methodname="Illegal_WhenKingLandsInCheck" classname="ModularChess.Core.Tests.CastlingTests" runstate="Runnable" seed="1869165082" result="Passed" start-time="2026-09-22 08:30:10Z" end-time="2026-09-22 08:30:10Z" duration="0.000316" asserts="0">
                <properties>
                  <property name="retryIteration" value="0" />
                  <property name="repeatIteration" value="0" />
                </properties>
              </test-case>
              <test-case id="1009" name="Illegal_WhenKingPassesThroughCheck" fullname="ModularChess.Core.Tests.CastlingTests.Illegal_WhenKingPassesThroughCheck" methodname="Illegal_WhenKingPassesThroughCheck" classname="ModularChess.Core.Tests.CastlingTests" runstate="Runnable" seed="391461029" result="Passed" start-time="2026-09-22 08:30:10Z" end-time="2026-09-22 08:30:10Z" duration="0.000199" asserts="0">
                <properties>
                  <property name="retryIteration" value="0" />
                  <property name="repeatIteration" value="0" />
                </properties>
              </test-case>
              <test-case id="1007" name="Illegal_WhenPathBlocked" fullname="ModularChess.Core.Tests.CastlingTests.Illegal_WhenPathBlocked" methodname="Illegal_WhenPathBlocked" classname="ModularChess.Core.Tests.CastlingTests" runstate="Runnable" seed="651387334" result="Passed" start-time="2026-09-22 08:30:10Z" end-time="2026-09-22 08:30:10Z" duration="0.000268" asserts="0">
                <properties>
                  <property name="retryIteration" value="0" />
                  <property name="repeatIteration" value="0" />
                </properties>
              </test-case>
              <test-case id="1011" name="Illegal_WhenRightsLost" fullname="ModularChess.Core.Tests.CastlingTests.Illegal_WhenRightsLost" methodname="Illegal_WhenRightsLost" classname="ModularChess.Core.Tests.CastlingTests" runstate="Runnable" seed="294128804" result="Passed" start-time="2026-09-22 08:30:10Z" end-time="2026-09-22 08:30:10Z" duration="0.000232" asserts="0">
                <properties>
                  <property name="retryIteration" value="0" />
                  <property name="repeatIteration" value="0" />
                </properties>
              </test-case>
              <test-case id="1005" name="KingSide_IsLegal_WhenPathClearAndUnmoved" fullname="ModularChess.Core.Tests.CastlingTests.KingSide_IsLegal_WhenPathClearAndUnmoved" methodname="KingSide_IsLegal_WhenPathClearAndUnmoved" classname="ModularChess.Core.Tests.CastlingTests" runstate="Runnable" seed="1248134669" result="Passed" start-time="2026-09-22 08:30:10Z" end-time="2026-09-22 08:30:10Z" duration="0.000826" asserts="0">
                <properties>
                  <property name="retryIteration" value="0" />
                  <property name="repeatIteration" value="0" />
                </properties>
              </test-case>
              <test-case id="1012" name="QueenSide_AllowsAttackedBFile" fullname="ModularChess.Core.Tests.CastlingTests.QueenSide_AllowsAttackedBFile" methodname="QueenSide_AllowsAttackedBFile" classname="ModularChess.Core.Tests.CastlingTests" runstate="Runnable" seed="479777887" result="Passed" start-time="2026-09-22 08:30:10Z" end-time="2026-09-22 08:30:10Z" duration="0.000257" asserts="0">
                <properties>
                  <property name="retryIteration" value="0" />
                  <property name="repeatIteration" value="0" />
                </properties>
              </test-case>
              <test-case id="1006" name="QueenSide_IsLegal_WhenPathClearAndUnmoved" fullname="ModularChess.Core.Tests.CastlingTests.QueenSide_IsLegal_WhenPathClearAndUnmoved" methodname="QueenSide_IsLegal_WhenPathClearAndUnmoved" classname="ModularChess.Core.Tests.CastlingTests" runstate="Runnable" seed="1747828903" result="Passed" start-time="2026-09-22 08:30:10Z" end-time="2026-09-22 08:30:10Z" duration="0.000610" asserts="0">
                <properties>
                  <property name="retryIteration" value="0" />
                  <property name="repeatIteration" value="0" />
                </properties>
              </test-case>
            </test-suite>
            <test-suite type="TestFixture" id="1019" name="CheckmateTests" fullname="ModularChess.Core.Tests.CheckmateTests" classname="ModularChess.Core.Tests.CheckmateTests" runstate="Runnable" testcasecount="2" result="Passed" start-time="2026-09-22 08:30:10Z" end-time="2026-09-22 08:30:10Z" duration="0.006038" total="2" passed="2" failed="0" inconclusive="0" skipped="0" asserts="0">
              <properties />
              <test-case id="1020" name="FoolsMate_IsCheckmate" fullname="ModularChess.Core.Tests.CheckmateTests.FoolsMate_IsCheckmate" methodname="FoolsMate_IsCheckmate" classname="ModularChess.Core.Tests.CheckmateTests" runstate="Runnable" seed="1250038707" result="Passed" start-time="2026-09-22 08:30:10Z" end-time="2026-09-22 08:30:10Z" duration="0.002582" asserts="0">
                <properties>
                  <property name="retryIteration" value="0" />
                  <property name="repeatIteration" value="0" />
                </properties>
              </test-case>
              <test-case id="1021" name="ScholarsMate_IsCheckmate" fullname="ModularChess.Core.Tests.CheckmateTests.ScholarsMate_IsCheckmate" methodname="ScholarsMate_IsCheckmate" classname="ModularChess.Core.Tests.CheckmateTests" runstate="Runnable" seed="850755196" result="Passed" start-time="2026-09-22 08:30:10Z" end-time="2026-09-22 08:30:10Z" duration="0.002679" asserts="0">
                <properties>
                  <property name="retryIteration" value="0" />
                  <property name="repeatIteration" value="0" />
                </properties>
              </test-case>
            </test-suite>
            <test-suite type="TestFixture" id="1014" name="CheckSafetyTests" fullname="ModularChess.Core.Tests.CheckSafetyTests" classname="ModularChess.Core.Tests.CheckSafetyTests" runstate="Runnable" testcasecount="4" result="Passed" start-time="2026-09-22 08:30:10Z" end-time="2026-09-22 08:30:10Z" duration="0.003152" total="4" passed="4" failed="0" inconclusive="0" skipped="0" asserts="0">
              <properties />
              <test-case id="1018" name="CapturingOwnKingAttacker_IsLegalWhenSafe" fullname="ModularChess.Core.Tests.CheckSafetyTests.CapturingOwnKingAttacker_IsLegalWhenSafe" methodname="CapturingOwnKingAttacker_IsLegalWhenSafe" classname="ModularChess.Core.Tests.CheckSafetyTests" runstate="Runnable" seed="1458447155" result="Passed" start-time="2026-09-22 08:30:10Z" end-time="2026-09-22 08:30:10Z" duration="0.000542" asserts="0">
                <properties>
                  <property name="retryIteration" value="0" />
                  <property name="repeatIteration" value="0" />
                </properties>
              </test-case>
              <test-case id="1015" name="King_CannotMoveAdjacentToEnemyKing" fullname="ModularChess.Core.Tests.CheckSafetyTests.King_CannotMoveAdjacentToEnemyKing" methodname="King_CannotMoveAdjacentToEnemyKing" classname="ModularChess.Core.Tests.CheckSafetyTests" runstate="Runnable" seed="586213376" result="Passed" start-time="2026-09-22 08:30:10Z" end-time="2026-09-22 08:30:10Z" duration="0.000375" asserts="0">
                <properties>
                  <property name="retryIteration" value="0" />
                  <property name="repeatIteration" value="0" />
                </properties>
              </test-case>
              <test-case id="1017" name="MustEscapeCheck_CannotIgnoreAttacker" fullname="ModularChess.Core.Tests.CheckSafetyTests.MustEscapeCheck_CannotIgnoreAttacker" methodname="MustEscapeCheck_CannotIgnoreAttacker" classname="ModularChess.Core.Tests.CheckSafetyTests" runstate="Runnable" seed="537276152" result="Passed" start-time="2026-09-22 08:30:10Z" end-time="2026-09-22 08:30:10Z" duration="0.000438" asserts="0">
                <properties>
                  <property name="retryIteration" value="0" />
                  <property name="repeatIteration" value="0" />
                </properties>
              </test-case>
              <test-case id="1016" name="PinnedPiece_CannotExposeKing" fullname="ModularChess.Core.Tests.CheckSafetyTests.PinnedPiece_CannotExposeKing" methodname="PinnedPiece_CannotExposeKing" classname="ModularChess.Core.Tests.CheckSafetyTests" runstate="Runnable" seed="313179096" result="Passed" start-time="2026-09-22 08:30:10Z" end-time="2026-09-22 08:30:10Z" duration="0.000567" asserts="0">
                <properties>
                  <property name="retryIteration" value="0" />
                  <property name="repeatIteration" value="0" />
                </properties>
              </test-case>
            </test-suite>
            <test-suite type="TestFixture" id="1022" name="DrawTests" fullname="ModularChess.Core.Tests.DrawTests" classname="ModularChess.Core.Tests.DrawTests" runstate="Runnable" testcasecount="4" result="Passed" start-time="2026-09-22 08:30:10Z" end-time="2026-09-22 08:30:10Z" duration="0.003573" total="4" passed="4" failed="0" inconclusive="0" skipped="0" asserts="0">
              <properties />
              <test-case id="1024" name="FiftyMoveRule_DrawsOnHundredthHalfmove" fullname="ModularChess.Core.Tests.DrawTests.FiftyMoveRule_DrawsOnHundredthHalfmove" methodname="FiftyMoveRule_DrawsOnHundredthHalfmove" classname="ModularChess.Core.Tests.DrawTests" runstate="Runnable" seed="1633729327" result="Passed" start-time="2026-09-22 08:30:10Z" end-time="2026-09-22 08:30:10Z" duration="0.000368" asserts="0">
                <properties>
                  <property name="retryIteration" value="0" />
                  <property name="repeatIteration" value="0" />
                </properties>
              </test-case>
              <test-case id="1023" name="KingVersusKing_IsDraw" fullname="ModularChess.Core.Tests.DrawTests.KingVersusKing_IsDraw" methodname="KingVersusKing_IsDraw" classname="ModularChess.Core.Tests.DrawTests" runstate="Runnable" seed="2041568795" result="Passed" start-time="2026-09-22 08:30:10Z" end-time="2026-09-22 08:30:10Z" duration="0.000163" asserts="0">
                <properties>
                  <property name="retryIteration" value="0" />
                  <property name="repeatIteration" value="0" />
                </properties>
              </test-case>
              <test-case id="1025" name="PieceValues_MatchStandardPoints" fullname="ModularChess.Core.Tests.DrawTests.PieceValues_MatchStandardPoints" methodname="PieceValues_MatchStandardPoints" classname="ModularChess.Core.Tests.DrawTests" runstate="Runnable" seed="1399496430" result="Passed" start-time="2026-09-22 08:30:10Z" end-time="2026-09-22 08:30:10Z" duration="0.000383" asserts="0">
                <properties>
                  <property name="retryIteration" value="0" />
                  <property name="repeatIteration" value="0" />
                </properties>
              </test-case>
              <test-case id="1026" name="ThreefoldRepetition_IsDraw" fullname="ModularChess.Core.Tests.DrawTests.ThreefoldRepetition_IsDraw" methodname="ThreefoldRepetition_IsDraw" classname="ModularChess.Core.Tests.DrawTests" runstate="Runnable" seed="1605590102" result="Passed" start-time="2026-09-22 08:30:10Z" end-time="2026-09-22 08:30:10Z" duration="0.001517" asserts="0">
                <properties>
                  <property name="retryIteration" value="0" />
                  <property name="repeatIteration" value="0" />
                </properties>
              </test-case>
            </test-suite>
            <test-suite type="TestFixture" id="1027" name="EnPassantTests" fullname="ModularChess.Core.Tests.EnPassantTests" classname="ModularChess.Core.Tests.EnPassantTests" runstate="Runnable" testcasecount="3" result="Passed" start-time="2026-09-22 08:30:10Z" end-time="2026-09-22 08:30:10Z" duration="0.003861" total="3" passed="3" failed="0" inconclusive="0" skipped="0" asserts="0">
              <properties />
              <test-case id="1029" name="Available_OnlyOnTheImmediateReply" fullname="ModularChess.Core.Tests.EnPassantTests.Available_OnlyOnTheImmediateReply" methodname="Available_OnlyOnTheImmediateReply" classname="ModularChess.Core.Tests.EnPassantTests" runstate="Runnable" seed="1718836883" result="Passed" start-time="2026-09-22 08:30:10Z" end-time="2026-09-22 08:30:10Z" duration="0.001227" asserts="0">
                <properties>
                  <property name="retryIteration" value="0" />
                  <property name="repeatIteration" value="0" />
                </properties>
              </test-case>
              <test-case id="1028" name="Capture_RemovesThePassedPawn" fullname="ModularChess.Core.Tests.EnPassantTests.Capture_RemovesThePassedPawn" methodname="Capture_RemovesThePassedPawn" classname="ModularChess.Core.Tests.EnPassantTests" runstate="Runnable" seed="254997868" result="Passed" start-time="2026-09-22 08:30:10Z" end-time="2026-09-22 08:30:10Z" duration="0.000697" asserts="0">
                <properties>
                  <property name="retryIteration" value="0" />
                  <property name="repeatIteration" value="0" />
                </properties>
              </test-case>
              <test-case id="1030" name="FromStartingSequence_e4_d5_e5_f5_exf6" fullname="ModularChess.Core.Tests.EnPassantTests.FromStartingSequence_e4_d5_e5_f5_exf6" methodname="FromStartingSequence_e4_d5_e5_f5_exf6" classname="ModularChess.Core.Tests.EnPassantTests" runstate="Runnable" seed="825498766" result="Passed" start-time="2026-09-22 08:30:10Z" end-time="2026-09-22 08:30:10Z" duration="0.000965" asserts="0">
                <properties>
                  <property name="retryIteration" value="0" />
                  <property name="repeatIteration" value="0" />
                </properties>
              </test-case>
            </test-suite>
            <test-suite type="TestFixture" id="1031" name="FogVisionTests" fullname="ModularChess.Core.Tests.FogVisionTests" classname="ModularChess.Core.Tests.FogVisionTests" runstate="Runnable" testcasecount="1" result="Passed" start-time="2026-09-22 08:30:10Z" end-time="2026-09-22 08:30:10Z" duration="0.007113" total="1" passed="1" failed="0" inconclusive="0" skipped="0" asserts="0">
              <properties />
              <test-case id="1032" name="StartingPosition_HomeRanksAreIdentified" fullname="ModularChess.Core.Tests.FogVisionTests.StartingPosition_HomeRanksAreIdentified" methodname="StartingPosition_HomeRanksAreIdentified" classname="ModularChess.Core.Tests.FogVisionTests" runstate="Runnable" seed="652190002" result="Passed" start-time="2026-09-22 08:30:10Z" end-time="2026-09-22 08:30:10Z" duration="0.006395" asserts="0">
                <properties>
                  <property name="retryIteration" value="0" />
                  <property name="repeatIteration" value="0" />
                </properties>
              </test-case>
            </test-suite>
            <test-suite type="TestFixture" id="1033" name="GameplayLoopTests" fullname="ModularChess.Core.Tests.GameplayLoopTests" classname="ModularChess.Core.Tests.GameplayLoopTests" runstate="Runnable" testcasecount="2" result="Passed" start-time="2026-09-22 08:30:10Z" end-time="2026-09-22 08:30:10Z" duration="0.001948" total="2" passed="2" failed="0" inconclusive="0" skipped="0" asserts="0">
              <properties />
              <test-case id="1034" name="FogOfWar_HidesEnemyHomeWhileInProgress" fullname="ModularChess.Core.Tests.GameplayLoopTests.FogOfWar_HidesEnemyHomeWhileInProgress" methodname="FogOfWar_HidesEnemyHomeWhileInProgress" classname="ModularChess.Core.Tests.GameplayLoopTests" runstate="Runnable" seed="1539863204" result="Passed" start-time="2026-09-22 08:30:10Z" end-time="2026-09-22 08:30:10Z" duration="0.000452" asserts="0">
                <properties>
                  <property name="retryIteration" value="0" />
                  <property name="repeatIteration" value="0" />
                </properties>
              </test-case>
              <test-case id="1035" name="FogOfWar_LiftsOnCheckmate" fullname="ModularChess.Core.Tests.GameplayLoopTests.FogOfWar_LiftsOnCheckmate" methodname="FogOfWar_LiftsOnCheckmate" classname="ModularChess.Core.Tests.GameplayLoopTests" runstate="Runnable" seed="839427448" result="Passed" start-time="2026-09-22 08:30:10Z" end-time="2026-09-22 08:30:10Z" duration="0.000708" asserts="0">
                <properties>
                  <property name="retryIteration" value="0" />
                  <property name="repeatIteration" value="0" />
                </properties>
              </test-case>
            </test-suite>
            <test-suite type="TestFixture" id="1036" name="MartyrTests" fullname="ModularChess.Core.Tests.MartyrTests" classname="ModularChess.Core.Tests.MartyrTests" runstate="Runnable" testcasecount="19" result="Failed" site="Child" start-time="2026-09-22 08:30:10Z" end-time="2026-09-22 08:30:10Z" duration="0.046646" total="19" passed="17" failed="2" inconclusive="0" skipped="0" asserts="0">
              <properties />
              <failure>
                <message><![CDATA[One or more child tests had errors]]></message>
              </failure>
              <test-case id="1055" name="BattlefieldPromotionPieceHasLegalMoves" fullname="ModularChess.Core.Tests.MartyrTests.BattlefieldPromotionPieceHasLegalMoves" methodname="BattlefieldPromotionPieceHasLegalMoves" classname="ModularChess.Core.Tests.MartyrTests" runstate="Runnable" seed="1212450760" result="Passed" start-time="2026-09-22 08:30:10Z" end-time="2026-09-22 08:30:10Z" duration="0.007392" asserts="0">
                <properties>
                  <property name="retryIteration" value="0" />
                  <property name="repeatIteration" value="0" />
                </properties>
              </test-case>
              <test-case id="1045" name="BattlefieldPromotionPromotesTheChosenPawn" fullname="ModularChess.Core.Tests.MartyrTests.BattlefieldPromotionPromotesTheChosenPawn" methodname="BattlefieldPromotionPromotesTheChosenPawn" classname="ModularChess.Core.Tests.MartyrTests" runstate="Runnable" seed="1972984732" result="Passed" start-time="2026-09-22 08:30:10Z" end-time="2026-09-22 08:30:10Z" duration="0.001117" asserts="0">
                <properties>
                  <property name="retryIteration" value="0" />
                  <property name="repeatIteration" value="0" />
                </properties>
              </test-case>
              <test-case id="1046" name="CapturesAreRecordedInOrderAndSkipExtraLifeBounce" fullname="ModularChess.Core.Tests.MartyrTests.CapturesAreRecordedInOrderAndSkipExtraLifeBounce" methodname="CapturesAreRecordedInOrderAndSkipExtraLifeBounce" classname="ModularChess.Core.Tests.MartyrTests" runstate="Runnable" seed="1333540152" result="Passed" start-time="2026-09-22 08:30:10Z" end-time="2026-09-22 08:30:10Z" duration="0.007429" asserts="0">
                <properties>
                  <property name="retryIteration" value="0" />
                  <property name="repeatIteration" value="0" />
                </properties>
              </test-case>
              <test-case id="1037" name="CapturesQueueDraftAtThreshold" fullname="ModularChess.Core.Tests.MartyrTests.CapturesQueueDraftAtThreshold" methodname="CapturesQueueDraftAtThreshold" classname="ModularChess.Core.Tests.MartyrTests" runstate="Runnable" seed="1295737110" result="Passed" start-time="2026-09-22 08:30:10Z" end-time="2026-09-22 08:30:10Z" duration="0.002324" asserts="0">
                <properties>
                  <property name="retryIteration" value="0" />
                  <property name="repeatIteration" value="0" />
                </properties>
              </test-case>
              <test-case id="1047" name="DraftOfferNeverDuplicatesACard" fullname="ModularChess.Core.Tests.MartyrTests.DraftOfferNeverDuplicatesACard" methodname="DraftOfferNeverDuplicatesACard" classname="ModularChess.Core.Tests.MartyrTests" runstate="Runnable" seed="258039261" result="Passed" start-time="2026-09-22 08:30:10Z" end-time="2026-09-22 08:30:10Z" duration="0.000899" asserts="0">
                <properties>
                  <property name="retryIteration" value="0" />
                  <property name="repeatIteration" value="0" />
                </properties>
              </test-case>
              <test-case id="1052" name="DraftOfferUsesMartyrDraftOptionsCount" fullname="ModularChess.Core.Tests.MartyrTests.DraftOfferUsesMartyrDraftOptionsCount" methodname="DraftOfferUsesMartyrDraftOptionsCount" classname="ModularChess.Core.Tests.MartyrTests" runstate="Runnable" seed="1809237307" result="Passed" start-time="2026-09-22 08:30:10Z" end-time="2026-09-22 08:30:10Z" duration="0.000466" asserts="0">
                <properties>
                  <property name="retryIteration" value="0" />
                  <property name="repeatIteration" value="0" />
                </properties>
              </test-case>
              <test-case id="1054" name="ExileCannotTargetAbsolutelyPinnedPieces" fullname="ModularChess.Core.Tests.MartyrTests.ExileCannotTargetAbsolutelyPinnedPieces" methodname="ExileCannotTargetAbsolutelyPinnedPieces" classname="ModularChess.Core.Tests.MartyrTests" runstate="Runnable" seed="593686879" result="Failed" label="Error" start-time="2026-09-22 08:30:10Z" end-time="2026-09-22 08:30:10Z" duration="0.001622" asserts="0">
                <properties>
                  <property name="retryIteration" value="0" />
                  <property name="repeatIteration" value="0" />
                </properties>
                <failure>
                  <message><![CDATA[System.FormatException : FEN must contain one king for each side.]]></message>
                  <stack-trace><![CDATA[  at ModularChess.Core.Fen.ValidateKings (ModularChess.Core.Board board) [0x0002d] in C:\Users\joshu\Desktop\GameDev\Unity\ModularChess\Assets\Scripts\Core\Fen.cs:304 
  at ModularChess.Core.Fen.Parse (System.String fen, ModularChess.Core.MatchRules rules) [0x0009b] in C:\Users\joshu\Desktop\GameDev\Unity\ModularChess\Assets\Scripts\Core\Fen.cs:41 
  at ModularChess.Core.GameState.FromFen (System.String fen, ModularChess.Core.MatchRules rules) [0x00000] in C:\Users\joshu\Desktop\GameDev\Unity\ModularChess\Assets\Scripts\Core\GameState.cs:34 
  at ModularChess.Core.Tests.MartyrTests.ExileCannotTargetAbsolutelyPinnedPieces () [0x00025] in C:\Users\joshu\Desktop\GameDev\Unity\ModularChess\Assets\Tests\EditMode\Core\MartyrTests.cs:338 
  at (wrapper managed-to-native) System.Reflection.RuntimeMethodInfo.InternalInvoke(System.Reflection.RuntimeMethodInfo,object,object[],System.Exception&)
  at System.Reflection.RuntimeMethodInfo.Invoke (System.Object obj, System.Reflection.BindingFlags invokeAttr, System.Reflection.Binder binder, System.Object[] parameters, System.Globalization.CultureInfo culture) [0x0006a] in <f713e1c3c5f545ce9b1df47230f4f853>:0 ]]></stack-trace>
                </failure>
              </test-case>
              <test-case id="1049" name="ExileRemovesAnEnemyThenReturnsItAfterTwoOfTheirTurns" fullname="ModularChess.Core.Tests.MartyrTests.ExileRemovesAnEnemyThenReturnsItAfterTwoOfTheirTurns" methodname="ExileRemovesAnEnemyThenReturnsItAfterTwoOfTheirTurns" classname="ModularChess.Core.Tests.MartyrTests" runstate="Runnable" seed="1298863620" result="Passed" start-time="2026-09-22 08:30:10Z" end-time="2026-09-22 08:30:10Z" duration="0.002290" asserts="0">
                <properties>
                  <property name="retryIteration" value="0" />
                  <property name="repeatIteration" value="0" />
                </properties>
              </test-case>
              <test-case id="1044" name="FleetPawnsCannotBeOfferedAfterObtainLimit" fullname="ModularChess.Core.Tests.MartyrTests.FleetPawnsCannotBeOfferedAfterObtainLimit" methodname="FleetPawnsCannotBeOfferedAfterObtainLimit" classname="ModularChess.Core.Tests.MartyrTests" runstate="Runnable" seed="1518845742" result="Passed" start-time="2026-09-22 08:30:10Z" end-time="2026-09-22 08:30:10Z" duration="0.002196" asserts="0">
                <properties>
                  <property name="retryIteration" value="0" />
                  <property name="repeatIteration" value="0" />
                </properties>
              </test-case>
              <test-case id="1048" name="RallyKeepsTheTurnOpenForOneExtraMove" fullname="ModularChess.Core.Tests.MartyrTests.RallyKeepsTheTurnOpenForOneExtraMove" methodname="RallyKeepsTheTurnOpenForOneExtraMove" classname="ModularChess.Core.Tests.MartyrTests" runstate="Runnable" seed="1384307992" result="Passed" start-time="2026-09-22 08:30:10Z" end-time="2026-09-22 08:30:10Z" duration="0.001112" asserts="0">
                <properties>
                  <property name="retryIteration" value="0" />
                  <property name="repeatIteration" value="0" />
                </properties>
              </test-case>
              <test-case id="1041" name="ReinforcementsNeverReplaceKingOnFileA" fullname="ModularChess.Core.Tests.MartyrTests.ReinforcementsNeverReplaceKingOnFileA" methodname="ReinforcementsNeverReplaceKingOnFileA" classname="ModularChess.Core.Tests.MartyrTests" runstate="Runnable" seed="1069029877" result="Passed" start-time="2026-09-22 08:30:10Z" end-time="2026-09-22 08:30:10Z" duration="0.001175" asserts="0">
                <properties>
                  <property name="retryIteration" value="0" />
                  <property name="repeatIteration" value="0" />
                </properties>
              </test-case>
              <test-case id="1042" name="ReinforcementsNeverReplaceRookOnBackRank" fullname="ModularChess.Core.Tests.MartyrTests.ReinforcementsNeverReplaceRookOnBackRank" methodname="ReinforcementsNeverReplaceRookOnBackRank" classname="ModularChess.Core.Tests.MartyrTests" runstate="Runnable" seed="1119400192" result="Passed" start-time="2026-09-22 08:30:10Z" end-time="2026-09-22 08:30:10Z" duration="0.000827" asserts="0">
                <properties>
                  <property name="retryIteration" value="0" />
                  <property name="repeatIteration" value="0" />
                </properties>
              </test-case>
              <test-case id="1053" name="ReinforcementsNotOfferedWhenBackRankIsFull" fullname="ModularChess.Core.Tests.MartyrTests.ReinforcementsNotOfferedWhenBackRankIsFull" methodname="ReinforcementsNotOfferedWhenBackRankIsFull" classname="ModularChess.Core.Tests.MartyrTests" runstate="Runnable" seed="692326250" result="Failed" label="Error" start-time="2026-09-22 08:30:10Z" end-time="2026-09-22 08:30:10Z" duration="0.000681" asserts="0">
                <properties>
                  <property name="retryIteration" value="0" />
                  <property name="repeatIteration" value="0" />
                </properties>
                <failure>
                  <message><![CDATA[System.InvalidOperationException : No legal move d1d2.]]></message>
                  <stack-trace><![CDATA[  at ModularChess.Core.Tests.MoveTestHelper.Require (ModularChess.Core.GameState state, System.String from, System.String to, System.Nullable`1[T] promotion) [0x00013] in C:\Users\joshu\Desktop\GameDev\Unity\ModularChess\Assets\Tests\EditMode\Core\MoveTestHelper.cs:13 
  at ModularChess.Core.Tests.MoveTestHelper.PlayOne (ModularChess.Core.GameState state, System.String notation) [0x00052] in C:\Users\joshu\Desktop\GameDev\Unity\ModularChess\Assets\Tests\EditMode\Core\MoveTestHelper.cs:51 
  at ModularChess.Core.Tests.MoveTestHelper.Play (ModularChess.Core.GameState state, System.String[] notations) [0x00006] in C:\Users\joshu\Desktop\GameDev\Unity\ModularChess\Assets\Tests\EditMode\Core\MoveTestHelper.cs:30 
  at ModularChess.Core.Tests.MartyrTests.ReinforcementsNotOfferedWhenBackRankIsFull () [0x0002f] in C:\Users\joshu\Desktop\GameDev\Unity\ModularChess\Assets\Tests\EditMode\Core\MartyrTests.cs:328 
  at (wrapper managed-to-native) System.Reflection.RuntimeMethodInfo.InternalInvoke(System.Reflection.RuntimeMethodInfo,object,object[],System.Exception&)
  at System.Reflection.RuntimeMethodInfo.Invoke (System.Object obj, System.Reflection.BindingFlags invokeAttr, System.Reflection.Binder binder, System.Object[] parameters, System.Globalization.CultureInfo culture) [0x0006a] in <f713e1c3c5f545ce9b1df47230f4f853>:0 ]]></stack-trace>
                </failure>
              </test-case>
              <test-case id="1040" name="ReinforcementsPlaceTwoPawnsAndSkipOccupiedSquares" fullname="ModularChess.Core.Tests.MartyrTests.ReinforcementsPlaceTwoPawnsAndSkipOccupiedSquares" methodname="ReinforcementsPlaceTwoPawnsAndSkipOccupiedSquares" classname="ModularChess.Core.Tests.MartyrTests" runstate="Runnable" seed="1312523017" result="Passed" start-time="2026-09-22 08:30:10Z" end-time="2026-09-22 08:30:10Z" duration="0.000724" asserts="0">
                <properties>
                  <property name="retryIteration" value="0" />
                  <property name="repeatIteration" value="0" />
                </properties>
              </test-case>
              <test-case id="1051" name="RevivalPicksAmongEmptySquaresOnTheOpenRank" fullname="ModularChess.Core.Tests.MartyrTests.RevivalPicksAmongEmptySquaresOnTheOpenRank" methodname="RevivalPicksAmongEmptySquaresOnTheOpenRank" classname="ModularChess.Core.Tests.MartyrTests" runstate="Runnable" seed="1506159558" result="Passed" start-time="2026-09-22 08:30:10Z" end-time="2026-09-22 08:30:10Z" duration="0.009186" asserts="0">
                <properties>
                  <property name="retryIteration" value="0" />
                  <property name="repeatIteration" value="0" />
                </properties>
              </test-case>
              <test-case id="1050" name="RevivalReturnsTheLastCapturedFriendlyAsSummoned" fullname="ModularChess.Core.Tests.MartyrTests.RevivalReturnsTheLastCapturedFriendlyAsSummoned" methodname="RevivalReturnsTheLastCapturedFriendlyAsSummoned" classname="ModularChess.Core.Tests.MartyrTests" runstate="Runnable" seed="2127798530" result="Passed" start-time="2026-09-22 08:30:10Z" end-time="2026-09-22 08:30:10Z" duration="0.000634" asserts="0">
                <properties>
                  <property name="retryIteration" value="0" />
                  <property name="repeatIteration" value="0" />
                </properties>
              </test-case>
              <test-case id="1043" name="StasisFieldIsNotOfferedWhenOpponentHasNoQueen" fullname="ModularChess.Core.Tests.MartyrTests.StasisFieldIsNotOfferedWhenOpponentHasNoQueen" methodname="StasisFieldIsNotOfferedWhenOpponentHasNoQueen" classname="ModularChess.Core.Tests.MartyrTests" runstate="Runnable" seed="1124073512" result="Passed" start-time="2026-09-22 08:30:10Z" end-time="2026-09-22 08:30:10Z" duration="0.000318" asserts="0">
                <properties>
                  <property name="retryIteration" value="0" />
                  <property name="repeatIteration" value="0" />
                </properties>
              </test-case>
              <test-case id="1039" name="TickStatusesRemovesExpiredStatus" fullname="ModularChess.Core.Tests.MartyrTests.TickStatusesRemovesExpiredStatus" methodname="TickStatusesRemovesExpiredStatus" classname="ModularChess.Core.Tests.MartyrTests" runstate="Runnable" seed="898111044" result="Passed" start-time="2026-09-22 08:30:10Z" end-time="2026-09-22 08:30:10Z" duration="0.001560" asserts="0">
                <properties>
                  <property name="retryIteration" value="0" />
                  <property name="repeatIteration" value="0" />
                </properties>
              </test-case>
              <test-case id="1038" name="TickStatusesUpdatesRemainingTurnsWithoutThrowing" fullname="ModularChess.Core.Tests.MartyrTests.TickStatusesUpdatesRemainingTurnsWithoutThrowing" methodname="TickStatusesUpdatesRemainingTurnsWithoutThrowing" classname="ModularChess.Core.Tests.MartyrTests" runstate="Runnable" seed="793641195" result="Passed" start-time="2026-09-22 08:30:10Z" end-time="2026-09-22 08:30:10Z" duration="0.000180" asserts="0">
                <properties>
                  <property name="retryIteration" value="0" />
                  <property name="repeatIteration" value="0" />
                </properties>
              </test-case>
            </test-suite>
            <test-suite type="TestFixture" id="1056" name="OccupancyTests" fullname="ModularChess.Core.Tests.OccupancyTests" classname="ModularChess.Core.Tests.OccupancyTests" runstate="Runnable" testcasecount="3" result="Passed" start-time="2026-09-22 08:30:10Z" end-time="2026-09-22 08:30:10Z" duration="0.002208" total="3" passed="3" failed="0" inconclusive="0" skipped="0" asserts="0">
              <properties />
              <test-case id="1057" name="CanPlace_IsOnlyTrueOnEmptySquares" fullname="ModularChess.Core.Tests.OccupancyTests.CanPlace_IsOnlyTrueOnEmptySquares" methodname="CanPlace_IsOnlyTrueOnEmptySquares" classname="ModularChess.Core.Tests.OccupancyTests" runstate="Runnable" seed="877749884" result="Passed" start-time="2026-09-22 08:30:10Z" end-time="2026-09-22 08:30:10Z" duration="0.000352" asserts="0">
                <properties>
                  <property name="retryIteration" value="0" />
                  <property name="repeatIteration" value="0" />
                </properties>
              </test-case>
              <test-case id="1059" name="WithPiece_DoesNotReplaceADifferentPiece" fullname="ModularChess.Core.Tests.OccupancyTests.WithPiece_DoesNotReplaceADifferentPiece" methodname="WithPiece_DoesNotReplaceADifferentPiece" classname="ModularChess.Core.Tests.OccupancyTests" runstate="Runnable" seed="967857158" result="Passed" start-time="2026-09-22 08:30:10Z" end-time="2026-09-22 08:30:10Z" duration="0.000326" asserts="0">
                <properties>
                  <property name="retryIteration" value="0" />
                  <property name="repeatIteration" value="0" />
                </properties>
              </test-case>
              <test-case id="1058" name="WithPiece_DoesNotReplaceAKing" fullname="ModularChess.Core.Tests.OccupancyTests.WithPiece_DoesNotReplaceAKing" methodname="WithPiece_DoesNotReplaceAKing" classname="ModularChess.Core.Tests.OccupancyTests" runstate="Runnable" seed="722987540" result="Passed" start-time="2026-09-22 08:30:10Z" end-time="2026-09-22 08:30:10Z" duration="0.000290" asserts="0">
                <properties>
                  <property name="retryIteration" value="0" />
                  <property name="repeatIteration" value="0" />
                </properties>
              </test-case>
            </test-suite>
            <test-suite type="TestFixture" id="1060" name="PatternTests" fullname="ModularChess.Core.Tests.PatternTests" classname="ModularChess.Core.Tests.PatternTests" runstate="Runnable" testcasecount="3" result="Passed" start-time="2026-09-22 08:30:10Z" end-time="2026-09-22 08:30:10Z" duration="0.001530" total="3" passed="3" failed="0" inconclusive="0" skipped="0" asserts="0">
              <properties />
              <test-case id="1063" name="Ray_StopsAtBoardEdgeAndIncludesOccupants" fullname="ModularChess.Core.Tests.PatternTests.Ray_StopsAtBoardEdgeAndIncludesOccupants" methodname="Ray_StopsAtBoardEdgeAndIncludesOccupants" classname="ModularChess.Core.Tests.PatternTests" runstate="Runnable" seed="1071279545" result="Passed" start-time="2026-09-22 08:30:10Z" end-time="2026-09-22 08:30:10Z" duration="0.000447" asserts="0">
                <properties>
                  <property name="retryIteration" value="0" />
                  <property name="repeatIteration" value="0" />
                </properties>
              </test-case>
              <test-case id="1062" name="SuperPawn_BlackFrontIsOppositeWhite" fullname="ModularChess.Core.Tests.PatternTests.SuperPawn_BlackFrontIsOppositeWhite" methodname="SuperPawn_BlackFrontIsOppositeWhite" classname="ModularChess.Core.Tests.PatternTests" runstate="Runnable" seed="935981969" result="Passed" start-time="2026-09-22 08:30:10Z" end-time="2026-09-22 08:30:10Z" duration="0.000235" asserts="0">
                <properties>
                  <property name="retryIteration" value="0" />
                  <property name="repeatIteration" value="0" />
                </properties>
              </test-case>
              <test-case id="1061" name="SuperPawn_BlocksFrontCorridorAndDiagonals" fullname="ModularChess.Core.Tests.PatternTests.SuperPawn_BlocksFrontCorridorAndDiagonals" methodname="SuperPawn_BlocksFrontCorridorAndDiagonals" classname="ModularChess.Core.Tests.PatternTests" runstate="Runnable" seed="296895172" result="Passed" start-time="2026-09-22 08:30:10Z" end-time="2026-09-22 08:30:10Z" duration="0.000179" asserts="0">
                <properties>
                  <property name="retryIteration" value="0" />
                  <property name="repeatIteration" value="0" />
                </properties>
              </test-case>
            </test-suite>
            <test-suite type="TestFixture" id="1064" name="PerftTests" fullname="ModularChess.Core.Tests.PerftTests" classname="ModularChess.Core.Tests.PerftTests" runstate="Runnable" testcasecount="1" result="Passed" start-time="2026-09-22 08:30:10Z" end-time="2026-09-22 08:30:11Z" duration="1.093308" total="1" passed="1" failed="0" inconclusive="0" skipped="0" asserts="0">
              <properties />
              <test-case id="1065" name="StartingPosition_Perft_MatchesKnownCounts" fullname="ModularChess.Core.Tests.PerftTests.StartingPosition_Perft_MatchesKnownCounts" methodname="StartingPosition_Perft_MatchesKnownCounts" classname="ModularChess.Core.Tests.PerftTests" runstate="Runnable" seed="929034027" result="Passed" start-time="2026-09-22 08:30:10Z" end-time="2026-09-22 08:30:11Z" duration="1.092907" asserts="0">
                <properties>
                  <property name="retryIteration" value="0" />
                  <property name="repeatIteration" value="0" />
                </properties>
              </test-case>
            </test-suite>
            <test-suite type="TestFixture" id="1066" name="PowerfulPiecesTests" fullname="ModularChess.Core.Tests.PowerfulPiecesTests" classname="ModularChess.Core.Tests.PowerfulPiecesTests" runstate="Runnable" testcasecount="8" result="Failed" site="Child" start-time="2026-09-22 08:30:11Z" end-time="2026-09-22 08:30:11Z" duration="0.006513" total="8" passed="7" failed="1" inconclusive="0" skipped="0" asserts="0">
              <properties />
              <failure>
                <message><![CDATA[One or more child tests had errors]]></message>
              </failure>
              <test-case id="1073" name="EmpoweredBishop_CannotCaptureEnemySuperPawnFromTheFront" fullname="ModularChess.Core.Tests.PowerfulPiecesTests.EmpoweredBishop_CannotCaptureEnemySuperPawnFromTheFront" methodname="EmpoweredBishop_CannotCaptureEnemySuperPawnFromTheFront" classname="ModularChess.Core.Tests.PowerfulPiecesTests" runstate="Runnable" seed="1959306671" result="Passed" start-time="2026-09-22 08:30:11Z" end-time="2026-09-22 08:30:11Z" duration="0.000909" asserts="0">
                <properties>
                  <property name="retryIteration" value="0" />
                  <property name="repeatIteration" value="0" />
                </properties>
              </test-case>
              <test-case id="1069" name="EmpoweredBishop_SwapsWithAdjacentPawnsInEightDirections" fullname="ModularChess.Core.Tests.PowerfulPiecesTests.EmpoweredBishop_SwapsWithAdjacentPawnsInEightDirections" methodname="EmpoweredBishop_SwapsWithAdjacentPawnsInEightDirections" classname="ModularChess.Core.Tests.PowerfulPiecesTests" runstate="Runnable" seed="2127651496" result="Failed" start-time="2026-09-22 08:30:11Z" end-time="2026-09-22 08:30:11Z" duration="0.000615" asserts="0">
                <properties>
                  <property name="retryIteration" value="0" />
                  <property name="repeatIteration" value="0" />
                </properties>
                <failure>
                  <message><![CDATA[  Expected: True
  But was:  False
]]></message>
                  <stack-trace><![CDATA[at ModularChess.Core.Tests.PowerfulPiecesTests.EmpoweredBishop_SwapsWithAdjacentPawnsInEightDirections () [0x0006c] in C:\Users\joshu\Desktop\GameDev\Unity\ModularChess\Assets\Tests\EditMode\Core\PowerfulPiecesTests.cs:43
]]></stack-trace>
                </failure>
              </test-case>
              <test-case id="1068" name="EmpoweredKing_KeepsTurnOpen" fullname="ModularChess.Core.Tests.PowerfulPiecesTests.EmpoweredKing_KeepsTurnOpen" methodname="EmpoweredKing_KeepsTurnOpen" classname="ModularChess.Core.Tests.PowerfulPiecesTests" runstate="Runnable" seed="1914366428" result="Passed" start-time="2026-09-22 08:30:11Z" end-time="2026-09-22 08:30:11Z" duration="0.000899" asserts="0">
                <properties>
                  <property name="retryIteration" value="0" />
                  <property name="repeatIteration" value="0" />
                </properties>
              </test-case>
              <test-case id="1072" name="EmpoweredPawn_BlackFrontIsOppositeWhite" fullname="ModularChess.Core.Tests.PowerfulPiecesTests.EmpoweredPawn_BlackFrontIsOppositeWhite" methodname="EmpoweredPawn_BlackFrontIsOppositeWhite" classname="ModularChess.Core.Tests.PowerfulPiecesTests" runstate="Runnable" seed="1911397123" result="Passed" start-time="2026-09-22 08:30:11Z" end-time="2026-09-22 08:30:11Z" duration="0.000835" asserts="0">
                <properties>
                  <property name="retryIteration" value="0" />
                  <property name="repeatIteration" value="0" />
                </properties>
              </test-case>
              <test-case id="1071" name="EmpoweredPawn_IsProtectedOnlyFromTheThreeFrontSquares" fullname="ModularChess.Core.Tests.PowerfulPiecesTests.EmpoweredPawn_IsProtectedOnlyFromTheThreeFrontSquares" methodname="EmpoweredPawn_IsProtectedOnlyFromTheThreeFrontSquares" classname="ModularChess.Core.Tests.PowerfulPiecesTests" runstate="Runnable" seed="1894577188" result="Passed" start-time="2026-09-22 08:30:11Z" end-time="2026-09-22 08:30:11Z" duration="0.000813" asserts="0">
                <properties>
                  <property name="retryIteration" value="0" />
                  <property name="repeatIteration" value="0" />
                </properties>
              </test-case>
              <test-case id="1070" name="EmpoweredPawn_MovesForwardAndCannotCapture" fullname="ModularChess.Core.Tests.PowerfulPiecesTests.EmpoweredPawn_MovesForwardAndCannotCapture" methodname="EmpoweredPawn_MovesForwardAndCannotCapture" classname="ModularChess.Core.Tests.PowerfulPiecesTests" runstate="Runnable" seed="1897921830" result="Passed" start-time="2026-09-22 08:30:11Z" end-time="2026-09-22 08:30:11Z" duration="0.000271" asserts="0">
                <properties>
                  <property name="retryIteration" value="0" />
                  <property name="repeatIteration" value="0" />
                </properties>
              </test-case>
              <test-case id="1074" name="EmpoweredPowers_DescribeEveryCorePieceType" fullname="ModularChess.Core.Tests.PowerfulPiecesTests.EmpoweredPowers_DescribeEveryCorePieceType" methodname="EmpoweredPowers_DescribeEveryCorePieceType" classname="ModularChess.Core.Tests.PowerfulPiecesTests" runstate="Runnable" seed="1589250330" result="Passed" start-time="2026-09-22 08:30:11Z" end-time="2026-09-22 08:30:11Z" duration="0.000228" asserts="0">
                <properties>
                  <property name="retryIteration" value="0" />
                  <property name="repeatIteration" value="0" />
                </properties>
              </test-case>
              <test-case id="1067" name="EmpoweredQueen_HasKnightLeap" fullname="ModularChess.Core.Tests.PowerfulPiecesTests.EmpoweredQueen_HasKnightLeap" methodname="EmpoweredQueen_HasKnightLeap" classname="ModularChess.Core.Tests.PowerfulPiecesTests" runstate="Runnable" seed="2115871543" result="Passed" start-time="2026-09-22 08:30:11Z" end-time="2026-09-22 08:30:11Z" duration="0.000373" asserts="0">
                <properties>
                  <property name="retryIteration" value="0" />
                  <property name="repeatIteration" value="0" />
                </properties>
              </test-case>
            </test-suite>
            <test-suite type="TestFixture" id="1075" name="PromotionTests" fullname="ModularChess.Core.Tests.PromotionTests" classname="ModularChess.Core.Tests.PromotionTests" runstate="Runnable" testcasecount="4" result="Passed" start-time="2026-09-22 08:30:11Z" end-time="2026-09-22 08:30:11Z" duration="0.003181" total="4" passed="4" failed="0" inconclusive="0" skipped="0" asserts="0">
              <properties />
              <test-case id="1079" name="Apply_RejectsQuietMoveOntoPromotionRank" fullname="ModularChess.Core.Tests.PromotionTests.Apply_RejectsQuietMoveOntoPromotionRank" methodname="Apply_RejectsQuietMoveOntoPromotionRank" classname="ModularChess.Core.Tests.PromotionTests" runstate="Runnable" seed="2117451808" result="Passed" start-time="2026-09-22 08:30:11Z" end-time="2026-09-22 08:30:11Z" duration="0.001096" asserts="0">
                <properties>
                  <property name="retryIteration" value="0" />
                  <property name="repeatIteration" value="0" />
                </properties>
              </test-case>
              <test-case id="1077" name="Apply_RequiresPromotionType_AndKeepsPieceId" fullname="ModularChess.Core.Tests.PromotionTests.Apply_RequiresPromotionType_AndKeepsPieceId" methodname="Apply_RequiresPromotionType_AndKeepsPieceId" classname="ModularChess.Core.Tests.PromotionTests" runstate="Runnable" seed="526534959" result="Passed" start-time="2026-09-22 08:30:11Z" end-time="2026-09-22 08:30:11Z" duration="0.000538" asserts="0">
                <properties>
                  <property name="retryIteration" value="0" />
                  <property name="repeatIteration" value="0" />
                </properties>
              </test-case>
              <test-case id="1078" name="CapturePromotion_SetsCapturedType" fullname="ModularChess.Core.Tests.PromotionTests.CapturePromotion_SetsCapturedType" methodname="CapturePromotion_SetsCapturedType" classname="ModularChess.Core.Tests.PromotionTests" runstate="Runnable" seed="647355726" result="Passed" start-time="2026-09-22 08:30:11Z" end-time="2026-09-22 08:30:11Z" duration="0.000390" asserts="0">
                <properties>
                  <property name="retryIteration" value="0" />
                  <property name="repeatIteration" value="0" />
                </properties>
              </test-case>
              <test-case id="1076" name="GeneratesFourPromotionChoices_AndDoesNotAutoPick" fullname="ModularChess.Core.Tests.PromotionTests.GeneratesFourPromotionChoices_AndDoesNotAutoPick" methodname="GeneratesFourPromotionChoices_AndDoesNotAutoPick" classname="ModularChess.Core.Tests.PromotionTests" runstate="Runnable" seed="949915146" result="Passed" start-time="2026-09-22 08:30:11Z" end-time="2026-09-22 08:30:11Z" duration="0.000414" asserts="0">
                <properties>
                  <property name="retryIteration" value="0" />
                  <property name="repeatIteration" value="0" />
                </properties>
              </test-case>
            </test-suite>
            <test-suite type="TestFixture" id="1080" name="RoguelikeLawTests" fullname="ModularChess.Core.Tests.RoguelikeLawTests" classname="ModularChess.Core.Tests.RoguelikeLawTests" runstate="Runnable" testcasecount="7" result="Passed" start-time="2026-09-22 08:30:11Z" end-time="2026-09-22 08:30:11Z" duration="0.003451" total="7" passed="7" failed="0" inconclusive="0" skipped="0" asserts="0">
              <properties />
              <test-case id="1084" name="CapturingEnemyKing_ClearsStage" fullname="ModularChess.Core.Tests.RoguelikeLawTests.CapturingEnemyKing_ClearsStage" methodname="CapturingEnemyKing_ClearsStage" classname="ModularChess.Core.Tests.RoguelikeLawTests" runstate="Runnable" seed="1362175370" result="Passed" start-time="2026-09-22 08:30:11Z" end-time="2026-09-22 08:30:11Z" duration="0.000766" asserts="0">
                <properties>
                  <property name="retryIteration" value="0" />
                  <property name="repeatIteration" value="0" />
                </properties>
              </test-case>
              <test-case id="1085" name="CapturingPlayerKing_EndsRun" fullname="ModularChess.Core.Tests.RoguelikeLawTests.CapturingPlayerKing_EndsRun" methodname="CapturingPlayerKing_EndsRun" classname="ModularChess.Core.Tests.RoguelikeLawTests" runstate="Runnable" seed="1526023067" result="Passed" start-time="2026-09-22 08:30:11Z" end-time="2026-09-22 08:30:11Z" duration="0.000273" asserts="0">
                <properties>
                  <property name="retryIteration" value="0" />
                  <property name="repeatIteration" value="0" />
                </properties>
              </test-case>
              <test-case id="1083" name="Check_DoesNotForceReply" fullname="ModularChess.Core.Tests.RoguelikeLawTests.Check_DoesNotForceReply" methodname="Check_DoesNotForceReply" classname="ModularChess.Core.Tests.RoguelikeLawTests" runstate="Runnable" seed="1463736652" result="Passed" start-time="2026-09-22 08:30:11Z" end-time="2026-09-22 08:30:11Z" duration="0.000288" asserts="0">
                <properties>
                  <property name="retryIteration" value="0" />
                  <property name="repeatIteration" value="0" />
                </properties>
              </test-case>
              <test-case id="1087" name="EmptyLegalMoves_IsNotCheckmate" fullname="ModularChess.Core.Tests.RoguelikeLawTests.EmptyLegalMoves_IsNotCheckmate" methodname="EmptyLegalMoves_IsNotCheckmate" classname="ModularChess.Core.Tests.RoguelikeLawTests" runstate="Runnable" seed="1208296501" result="Passed" start-time="2026-09-22 08:30:11Z" end-time="2026-09-22 08:30:11Z" duration="0.000283" asserts="0">
                <properties>
                  <property name="retryIteration" value="0" />
                  <property name="repeatIteration" value="0" />
                </properties>
              </test-case>
              <test-case id="1081" name="King_HasNoLegalMoves_OnceStageStarted" fullname="ModularChess.Core.Tests.RoguelikeLawTests.King_HasNoLegalMoves_OnceStageStarted" methodname="King_HasNoLegalMoves_OnceStageStarted" classname="ModularChess.Core.Tests.RoguelikeLawTests" runstate="Runnable" seed="1754854382" result="Passed" start-time="2026-09-22 08:30:11Z" end-time="2026-09-22 08:30:11Z" duration="0.000257" asserts="0">
                <properties>
                  <property name="retryIteration" value="0" />
                  <property name="repeatIteration" value="0" />
                </properties>
              </test-case>
              <test-case id="1086" name="NoPromotion_OnLastRank" fullname="ModularChess.Core.Tests.RoguelikeLawTests.NoPromotion_OnLastRank" methodname="NoPromotion_OnLastRank" classname="ModularChess.Core.Tests.RoguelikeLawTests" runstate="Runnable" seed="604161664" result="Passed" start-time="2026-09-22 08:30:11Z" end-time="2026-09-22 08:30:11Z" duration="0.000365" asserts="0">
                <properties>
                  <property name="retryIteration" value="0" />
                  <property name="repeatIteration" value="0" />
                </properties>
              </test-case>
              <test-case id="1082" name="Slider_RangeIsCappedAtThree" fullname="ModularChess.Core.Tests.RoguelikeLawTests.Slider_RangeIsCappedAtThree" methodname="Slider_RangeIsCappedAtThree" classname="ModularChess.Core.Tests.RoguelikeLawTests" runstate="Runnable" seed="1636781745" result="Passed" start-time="2026-09-22 08:30:11Z" end-time="2026-09-22 08:30:11Z" duration="0.000264" asserts="0">
                <properties>
                  <property name="retryIteration" value="0" />
                  <property name="repeatIteration" value="0" />
                </properties>
              </test-case>
            </test-suite>
            <test-suite type="TestFixture" id="1088" name="SquareTests" fullname="ModularChess.Core.Tests.SquareTests" classname="ModularChess.Core.Tests.SquareTests" runstate="Runnable" testcasecount="5" result="Passed" start-time="2026-09-22 08:30:11Z" end-time="2026-09-22 08:30:11Z" duration="0.001397" total="5" passed="5" failed="0" inconclusive="0" skipped="0" asserts="0">
              <properties />
              <test-case id="1093" name="OffBoard_IsNotOnBoard" fullname="ModularChess.Core.Tests.SquareTests.OffBoard_IsNotOnBoard" methodname="OffBoard_IsNotOnBoard" classname="ModularChess.Core.Tests.SquareTests" runstate="Runnable" seed="679450068" result="Passed" start-time="2026-09-22 08:30:11Z" end-time="2026-09-22 08:30:11Z" duration="0.000127" asserts="0">
                <properties>
                  <property name="retryIteration" value="0" />
                  <property name="repeatIteration" value="0" />
                </properties>
              </test-case>
              <test-case id="1090" name="TryParse_a1_IsOrigin" fullname="ModularChess.Core.Tests.SquareTests.TryParse_a1_IsOrigin" methodname="TryParse_a1_IsOrigin" classname="ModularChess.Core.Tests.SquareTests" runstate="Runnable" seed="1334888020" result="Passed" start-time="2026-09-22 08:30:11Z" end-time="2026-09-22 08:30:11Z" duration="0.000131" asserts="0">
                <properties>
                  <property name="retryIteration" value="0" />
                  <property name="repeatIteration" value="0" />
                </properties>
              </test-case>
              <test-case id="1089" name="TryParse_e4_IsFile4Rank3" fullname="ModularChess.Core.Tests.SquareTests.TryParse_e4_IsFile4Rank3" methodname="TryParse_e4_IsFile4Rank3" classname="ModularChess.Core.Tests.SquareTests" runstate="Runnable" seed="2109706178" result="Passed" start-time="2026-09-22 08:30:11Z" end-time="2026-09-22 08:30:11Z" duration="0.000157" asserts="0">
                <properties>
                  <property name="retryIteration" value="0" />
                  <property name="repeatIteration" value="0" />
                </properties>
              </test-case>
              <test-case id="1091" name="TryParse_h8_IsFarCorner" fullname="ModularChess.Core.Tests.SquareTests.TryParse_h8_IsFarCorner" methodname="TryParse_h8_IsFarCorner" classname="ModularChess.Core.Tests.SquareTests" runstate="Runnable" seed="54923299" result="Passed" start-time="2026-09-22 08:30:11Z" end-time="2026-09-22 08:30:11Z" duration="0.000149" asserts="0">
                <properties>
                  <property name="retryIteration" value="0" />
                  <property name="repeatIteration" value="0" />
                </properties>
              </test-case>
              <test-case id="1092" name="TryParse_RejectsInvalid" fullname="ModularChess.Core.Tests.SquareTests.TryParse_RejectsInvalid" methodname="TryParse_RejectsInvalid" classname="ModularChess.Core.Tests.SquareTests" runstate="Runnable" seed="1258073301" result="Passed" start-time="2026-09-22 08:30:11Z" end-time="2026-09-22 08:30:11Z" duration="0.000125" asserts="0">
                <properties>
                  <property name="retryIteration" value="0" />
                  <property name="repeatIteration" value="0" />
                </properties>
              </test-case>
            </test-suite>
            <test-suite type="TestFixture" id="1094" name="StalemateTests" fullname="ModularChess.Core.Tests.StalemateTests" classname="ModularChess.Core.Tests.StalemateTests" runstate="Runnable" testcasecount="2" result="Passed" start-time="2026-09-22 08:30:11Z" end-time="2026-09-22 08:30:11Z" duration="0.001035" total="2" passed="2" failed="0" inconclusive="0" skipped="0" asserts="0">
              <properties />
              <test-case id="1096" name="Apply_Throws_WhenGameIsOver" fullname="ModularChess.Core.Tests.StalemateTests.Apply_Throws_WhenGameIsOver" methodname="Apply_Throws_WhenGameIsOver" classname="ModularChess.Core.Tests.StalemateTests" runstate="Runnable" seed="1720963236" result="Passed" start-time="2026-09-22 08:30:11Z" end-time="2026-09-22 08:30:11Z" duration="0.000353" asserts="0">
                <properties>
                  <property name="retryIteration" value="0" />
                  <property name="repeatIteration" value="0" />
                </properties>
              </test-case>
              <test-case id="1095" name="KingAndQueen_StalemateFixture" fullname="ModularChess.Core.Tests.StalemateTests.KingAndQueen_StalemateFixture" methodname="KingAndQueen_StalemateFixture" classname="ModularChess.Core.Tests.StalemateTests" runstate="Runnable" seed="711676052" result="Passed" start-time="2026-09-22 08:30:11Z" end-time="2026-09-22 08:30:11Z" duration="0.000193" asserts="0">
                <properties>
                  <property name="retryIteration" value="0" />
                  <property name="repeatIteration" value="0" />
                </properties>
              </test-case>
            </test-suite>
            <test-suite type="TestFixture" id="1097" name="StartingPositionTests" fullname="ModularChess.Core.Tests.StartingPositionTests" classname="ModularChess.Core.Tests.StartingPositionTests" runstate="Runnable" testcasecount="5" result="Passed" start-time="2026-09-22 08:30:11Z" end-time="2026-09-22 08:30:11Z" duration="0.002462" total="5" passed="5" failed="0" inconclusive="0" skipped="0" asserts="0">
              <properties />
              <test-case id="1100" name="Apply_DoesNotMutateOriginal" fullname="ModularChess.Core.Tests.StartingPositionTests.Apply_DoesNotMutateOriginal" methodname="Apply_DoesNotMutateOriginal" classname="ModularChess.Core.Tests.StartingPositionTests" runstate="Runnable" seed="2032843475" result="Passed" start-time="2026-09-22 08:30:11Z" end-time="2026-09-22 08:30:11Z" duration="0.000650" asserts="0">
                <properties>
                  <property name="retryIteration" value="0" />
                  <property name="repeatIteration" value="0" />
                </properties>
              </test-case>
              <test-case id="1101" name="Apply_Throws_WhenMoveIsIllegal" fullname="ModularChess.Core.Tests.StartingPositionTests.Apply_Throws_WhenMoveIsIllegal" methodname="Apply_Throws_WhenMoveIsIllegal" classname="ModularChess.Core.Tests.StartingPositionTests" runstate="Runnable" seed="710408524" result="Passed" start-time="2026-09-22 08:30:11Z" end-time="2026-09-22 08:30:11Z" duration="0.000343" asserts="0">
                <properties>
                  <property name="retryIteration" value="0" />
                  <property name="repeatIteration" value="0" />
                </properties>
              </test-case>
              <test-case id="1099" name="Black_Has_20_LegalMoves_After_e4" fullname="ModularChess.Core.Tests.StartingPositionTests.Black_Has_20_LegalMoves_After_e4" methodname="Black_Has_20_LegalMoves_After_e4" classname="ModularChess.Core.Tests.StartingPositionTests" runstate="Runnable" seed="2113380247" result="Passed" start-time="2026-09-22 08:30:11Z" end-time="2026-09-22 08:30:11Z" duration="0.000330" asserts="0">
                <properties>
                  <property name="retryIteration" value="0" />
                  <property name="repeatIteration" value="0" />
                </properties>
              </test-case>
              <test-case id="1102" name="StandardFen_RoundTrips" fullname="ModularChess.Core.Tests.StartingPositionTests.StandardFen_RoundTrips" methodname="StandardFen_RoundTrips" classname="ModularChess.Core.Tests.StartingPositionTests" runstate="Runnable" seed="1262178697" result="Passed" start-time="2026-09-22 08:30:11Z" end-time="2026-09-22 08:30:11Z" duration="0.000180" asserts="0">
                <properties>
                  <property name="retryIteration" value="0" />
                  <property name="repeatIteration" value="0" />
                </properties>
              </test-case>
              <test-case id="1098" name="White_Has_20_LegalMoves" fullname="ModularChess.Core.Tests.StartingPositionTests.White_Has_20_LegalMoves" methodname="White_Has_20_LegalMoves" classname="ModularChess.Core.Tests.StartingPositionTests" runstate="Runnable" seed="254807151" result="Passed" start-time="2026-09-22 08:30:11Z" end-time="2026-09-22 08:30:11Z" duration="0.000242" asserts="0">
                <properties>
                  <property name="retryIteration" value="0" />
                  <property name="repeatIteration" value="0" />
                </properties>
              </test-case>
            </test-suite>
          </test-suite>
        </test-suite>
      </test-suite>
    </test-suite>
    <test-suite type="Assembly" id="1110" name="ModularChess.Match.Tests.dll" fullname="C:/Users/joshu/Desktop/GameDev/Unity/ModularChess/Library/ScriptAssemblies/ModularChess.Match.Tests.dll" runstate="Runnable" testcasecount="2" result="Passed" start-time="2026-09-22 08:30:11Z" end-time="2026-09-22 08:30:11Z" duration="0.164444" total="2" passed="2" failed="0" inconclusive="0" skipped="0" asserts="0">
      <properties>
        <property name="_PID" value="25416" />
        <property name="_APPDOMAIN" value="Unity Child Domain" />
        <property name="platform" value="EditMode" />
        <property name="EditorOnly" value="True" />
      </properties>
      <test-suite type="TestSuite" id="1111" name="ModularChess" fullname="ModularChess" runstate="Runnable" testcasecount="2" result="Passed" start-time="2026-09-22 08:30:11Z" end-time="2026-09-22 08:30:11Z" duration="0.164335" total="2" passed="2" failed="0" inconclusive="0" skipped="0" asserts="0">
        <properties />
        <test-suite type="TestSuite" id="1112" name="Match" fullname="ModularChess.Match" runstate="Runnable" testcasecount="2" result="Passed" start-time="2026-09-22 08:30:11Z" end-time="2026-09-22 08:30:11Z" duration="0.164238" total="2" passed="2" failed="0" inconclusive="0" skipped="0" asserts="0">
          <properties />
          <test-suite type="TestSuite" id="1113" name="Tests" fullname="ModularChess.Match.Tests" runstate="Runnable" testcasecount="2" result="Passed" start-time="2026-09-22 08:30:11Z" end-time="2026-09-22 08:30:11Z" duration="0.164124" total="2" passed="2" failed="0" inconclusive="0" skipped="0" asserts="0">
            <properties />
            <test-suite type="TestFixture" id="1107" name="SimpleAiBudgetTests" fullname="ModularChess.Match.Tests.SimpleAiBudgetTests" classname="ModularChess.Match.Tests.SimpleAiBudgetTests" runstate="Runnable" testcasecount="2" result="Passed" start-time="2026-09-22 08:30:11Z" end-time="2026-09-22 08:30:11Z" duration="0.163988" total="2" passed="2" failed="0" inconclusive="0" skipped="0" asserts="0">
              <properties />
              <test-case id="1109" name="HardChoose_BusyMidgameFog_FinishesUnderBudget" fullname="ModularChess.Match.Tests.SimpleAiBudgetTests.HardChoose_BusyMidgameFog_FinishesUnderBudget" methodname="HardChoose_BusyMidgameFog_FinishesUnderBudget" classname="ModularChess.Match.Tests.SimpleAiBudgetTests" runstate="Runnable" seed="14349221" result="Passed" start-time="2026-09-22 08:30:11Z" end-time="2026-09-22 08:30:11Z" duration="0.083034" asserts="0">
                <properties>
                  <property name="retryIteration" value="0" />
                  <property name="repeatIteration" value="0" />
                </properties>
              </test-case>
              <test-case id="1108" name="HardChoose_StartingFog_FinishesUnderBudget" fullname="ModularChess.Match.Tests.SimpleAiBudgetTests.HardChoose_StartingFog_FinishesUnderBudget" methodname="HardChoose_StartingFog_FinishesUnderBudget" classname="ModularChess.Match.Tests.SimpleAiBudgetTests" runstate="Runnable" seed="1549476738" result="Passed" start-time="2026-09-22 08:30:11Z" end-time="2026-09-22 08:30:11Z" duration="0.080375" asserts="0">
                <properties>
                  <property name="retryIteration" value="0" />
                  <property name="repeatIteration" value="0" />
                </properties>
                <output><![CDATA[Saving results to: C:/Users/joshu/AppData/LocalLow/EntropyMakesGame/ModularChess\TestResults.xml
]]></output>
              </test-case>
            </test-suite>
          </test-suite>
        </test-suite>
      </test-suite>
    </test-suite>
  </test-suite>
</test-run>